14.7862 	INFO 	Loaded monitor calibration from ['2024_08_09 11:55']
15.6820 	EXP 	Created window1 = Window(allowGUI=True, allowStencil=True, autoLog=True, backendConf=UNKNOWN, backgroundFit=<method-wrapper '__getattribute__' of attributeSetter object at 0x00000203B4EF4EE0>, backgroundImage=<method-wrapper '__getattribute__' of attributeSetter object at 0x00000203B4EF4E80>, bitsMode=UNKNOWN, blendMode='avg', bpc=(8, 8, 8), color=array([0, 0, 0]), colorSpace='rgb', depthBits=8, fullscr=<method-wrapper '__getattribute__' of attributeSetter object at 0x00000203B4EF4CD0>, gamma=None, gammaErrorPolicy='raise', infoMsg=UNKNOWN, lms=UNKNOWN, monitor=<psychopy.monitors.calibTools.Monitor object at 0x00000203B52B8DF0>, multiSample=False, name='window1', numSamples=2, pos=[560.0, 240.0], screen=0, size=array([800, 600]), stencilBits=8, stereo=False, title='PsychoPy', units='height', useFBO=True, useRetina=False, viewOri=0.0, viewPos=None, viewScale=None, waitBlanking=True, winType='pyglet')
15.6821 	EXP 	window1: backgroundImage = ''
15.6821 	EXP 	window1: backgroundFit = 'none'
15.6823 	EXP 	window1: mouseVisible = <method-wrapper '__getattribute__' of attributeSetter object at 0x00000203B4EFA040>
15.6825 	EXP 	window1: mouseVisible = <method-wrapper '__getattribute__' of attributeSetter object at 0x00000203B4EFA040>
15.6845 	EXP 	window1: mouseVisible = <method-wrapper '__getattribute__' of attributeSetter object at 0x00000203B4EFA040>
15.6850 	EXP 	window1: mouseVisible = <method-wrapper '__getattribute__' of attributeSetter object at 0x00000203B4EFA040>
15.7011 	DEBUG 	TextBox2 loaded 1 chars with 0 blanks and 1 valid
15.7020 	DEBUG 	TextBox2 loaded 1 chars with 0 blanks and 1 valid
15.7030 	DEBUG 	TextBox2 loaded 1 chars with 0 blanks and 1 valid
15.7041 	DEBUG 	TextBox2 loaded 1 chars with 0 blanks and 1 valid
15.7052 	DEBUG 	TextBox2 loaded 1 chars with 0 blanks and 1 valid
15.7062 	DEBUG 	TextBox2 loaded 1 chars with 0 blanks and 1 valid
15.7076 	DEBUG 	TextBox2 loaded 1 chars with 0 blanks and 1 valid
15.7093 	DEBUG 	TextBox2 loaded 1 chars with 0 blanks and 1 valid
15.7101 	DEBUG 	TextBox2 loaded 1 chars with 0 blanks and 1 valid
15.7110 	DEBUG 	TextBox2 loaded 1 chars with 0 blanks and 1 valid
15.7124 	DEBUG 	TextBox2 loaded 1 chars with 0 blanks and 1 valid
15.7137 	DEBUG 	TextBox2 loaded 1 chars with 0 blanks and 1 valid
15.7150 	DEBUG 	TextBox2 loaded 1 chars with 0 blanks and 1 valid
15.7164 	DEBUG 	TextBox2 loaded 1 chars with 0 blanks and 1 valid
15.7176 	DEBUG 	TextBox2 loaded 1 chars with 0 blanks and 1 valid
15.7190 	DEBUG 	TextBox2 loaded 1 chars with 0 blanks and 1 valid
15.7205 	DEBUG 	TextBox2 loaded 1 chars with 0 blanks and 1 valid
15.7213 	DEBUG 	TextBox2 loaded 1 chars with 0 blanks and 1 valid
15.7220 	DEBUG 	TextBox2 loaded 1 chars with 0 blanks and 1 valid
15.7231 	DEBUG 	TextBox2 loaded 1 chars with 0 blanks and 1 valid
15.7238 	DEBUG 	TextBox2 loaded 1 chars with 0 blanks and 1 valid
15.7241 	DEBUG 	Uploading Texture Font fontname to graphics card
15.7302 	DEBUG 	Upload of Texture Font fontname complete
15.7316 	EXP 	window1: mouseVisible = <method-wrapper '__getattribute__' of attributeSetter object at 0x00000203B4EFA040>
15.7318 	EXP 	window1: mouseVisible = <method-wrapper '__getattribute__' of attributeSetter object at 0x00000203B4EFA040>
15.7322 	EXP 	window1: mouseVisible = <method-wrapper '__getattribute__' of attributeSetter object at 0x00000203B4EFA040>
15.7326 	EXP 	window1: mouseVisible = <method-wrapper '__getattribute__' of attributeSetter object at 0x00000203B4EFA040>
15.7520 	DEBUG 	TextBox2 loaded 1 chars with 0 blanks and 1 valid
15.7533 	DEBUG 	TextBox2 loaded 1 chars with 0 blanks and 1 valid
15.7543 	DEBUG 	TextBox2 loaded 1 chars with 0 blanks and 1 valid
15.7546 	DEBUG 	Uploading Texture Font fontname to graphics card
15.7606 	DEBUG 	Upload of Texture Font fontname complete
15.7623 	EXP 	window1: Attempting to measure frame rate of screen (0) ...
15.7623 	EXP 	window1: recordFrameIntervals = False
15.9390 	EXP 	window1: recordFrameIntervals = True
16.1230 	EXP 	Screen (0) actual frame rate measured at 60.30Hz
16.1230 	EXP 	window1: recordFrameIntervals = False
16.1231 	EXP 	window1: mouseVisible = True
16.1237 	EXP 	window1: mouseVisible = True
16.1240 	EXP 	window1: mouseVisible = True
16.1256 	EXP 	window1: mouseVisible = True
16.1267 	EXP 	window1: mouseVisible = True
16.1438 	DEBUG 	TextBox2 loaded 1 chars with 0 blanks and 1 valid
16.1446 	DEBUG 	TextBox2 loaded 1 chars with 0 blanks and 1 valid
16.1455 	DEBUG 	TextBox2 loaded 1 chars with 0 blanks and 1 valid
16.1466 	DEBUG 	TextBox2 loaded 1 chars with 0 blanks and 1 valid
16.1476 	DEBUG 	TextBox2 loaded 1 chars with 0 blanks and 1 valid
16.1486 	DEBUG 	TextBox2 loaded 1 chars with 0 blanks and 1 valid
16.1493 	DEBUG 	TextBox2 loaded 1 chars with 0 blanks and 1 valid
16.1503 	DEBUG 	TextBox2 loaded 1 chars with 0 blanks and 1 valid
16.1514 	DEBUG 	TextBox2 loaded 1 chars with 0 blanks and 1 valid
16.1523 	DEBUG 	TextBox2 loaded 1 chars with 0 blanks and 1 valid
16.1527 	DEBUG 	Uploading Texture Font fontname to graphics card
16.1534 	DEBUG 	Upload of Texture Font fontname complete
16.1548 	EXP 	window1: mouseVisible = True
16.1549 	EXP 	window1: mouseVisible = True
16.1553 	EXP 	window1: mouseVisible = True
16.1559 	EXP 	window1: mouseVisible = True
16.1826 	WARNING 	launchHubServer: If using the iohub mouse or eyetracker devices, fullScr should be True.
17.4378 	INFO 	keyboard.Keyboard is using iohub backend.
17.4378 	EXP 	Shape of you: status = STARTED
18.0532 	EXP 	Sound  set loops 1
18.0532 	EXP 	Sound  started
18.0533 	EXP 	window1: mouseVisible = True
18.0559 	EXP 	Created polygon = ShapeStim(__class__=<class 'psychopy.visual.shape.ShapeStim'>, anchor=('center', 'center'), autoDraw=False, autoLog=True, closeShape=True, color=method-wrapper(...), colorSpace='rgb', contrast=None, depth=-1.0, draggable=False, fillColor=array([1, 1, 1]), fillColorSpace='rgb', fillRGB=array([1, 1, 1]), interpolate=True, lineColor=array([1., 1., 1.]), lineColorSpace='rgb', lineRGB=array([1, 1, 1]), lineWidth=1.0, name='polygon', opacity=1.0, ori=0.0, pos=array([0., 0.]), size=array([0.05, 0.05]), units='height', vertices=ndarray(...), win=Window(...), windingRule=None)
18.0561 	EXP 	window1: mouseVisible = True
18.0753 	EXP 	Created text = TextStim(__class__=<class 'psychopy.visual.text.TextStim'>, alignHoriz=method-wrapper(...), alignText='center', alignVert=method-wrapper(...), anchorHoriz='center', anchorVert='center', antialias=True, autoDraw=False, autoLog=True, bold=False, color=array([1., 1., 1.]), colorSpace='rgb', contrast=1.0, depth=-2.0, draggable=False, flipHoriz=False, flipVert=False, font='Arial', fontFiles=[], height=0.05, italic=False, languageStyle='LTR', name='text', opacity=1.0, ori=0.0, pos=array([0. , 0.3]), rgb=UNKNOWN, text='', units='height', win=Window(...), wrapWidth=1)
18.0755 	EXP 	window1: mouseVisible = True
18.0756 	EXP 	window1: mouseVisible = True
18.0760 	EXP 	window1: mouseVisible = True
18.0764 	EXP 	window1: mouseVisible = True
18.0921 	EXP 	window1: mouseVisible = True
18.0922 	EXP 	window1: mouseVisible = True
18.0926 	EXP 	window1: mouseVisible = True
18.0930 	EXP 	window1: mouseVisible = True
18.1084 	DEBUG 	TextBox2 loaded 1 chars with 0 blanks and 1 valid
18.1103 	DEBUG 	TextBox2 loaded 1 chars with 0 blanks and 1 valid
18.1120 	DEBUG 	TextBox2 loaded 1 chars with 0 blanks and 1 valid
18.1136 	DEBUG 	TextBox2 loaded 1 chars with 0 blanks and 1 valid
18.1148 	DEBUG 	TextBox2 loaded 1 chars with 0 blanks and 1 valid
18.1161 	DEBUG 	TextBox2 loaded 1 chars with 0 blanks and 1 valid
18.1177 	DEBUG 	TextBox2 loaded 1 chars with 0 blanks and 1 valid
18.1191 	DEBUG 	TextBox2 loaded 1 chars with 0 blanks and 1 valid
18.1205 	DEBUG 	TextBox2 loaded 1 chars with 0 blanks and 1 valid
18.1208 	DEBUG 	Uploading Texture Font fontname to graphics card
18.1223 	DEBUG 	Upload of Texture Font fontname complete
18.1233 	EXP 	window1: mouseVisible = True
18.1450 	EXP 	Created Submit_text = TextStim(__class__=<class 'psychopy.visual.text.TextStim'>, alignHoriz=method-wrapper(...), alignText='center', alignVert=method-wrapper(...), anchorHoriz='center', anchorVert='center', antialias=True, autoDraw=False, autoLog=True, bold=False, color=array([1., 1., 1.]), colorSpace='rgb', contrast=1.0, depth=-4.0, draggable=False, flipHoriz=False, flipVert=False, font='Arial', fontFiles=[], height=0.05, italic=False, languageStyle='LTR', name='Submit_text', opacity=1.0, ori=0.0, pos=array([ 0. , -0.3]), rgb=UNKNOWN, text='Click to submit', units='height', win=Window(...), wrapWidth=1)
0.0094 	EXP 	textbox: autoLog = True
0.0171 	DEBUG 	Read excel file with openpyxl: Word Problems shape of you.xlsx
0.0172 	EXP 	Imported Word Problems shape of you.xlsx as conditions, 6 conditions, 1 params
0.0176 	EXP 	Created sequence: random, trialTypes=6, nReps=1, seed=None
0.0177 	EXP 	New trial (rep=0, index=0): {'problem': None}
0.0266 	EXP 	text: height = 0.05
0.0266 	EXP 	text: height = 0.05
0.0266 	EXP 	text: height = 0.05
0.0266 	EXP 	text: text = ''
0.0266 	EXP 	polygon: autoDraw = True
1.0259 	EXP 	text: autoDraw = True
1.0259 	EXP 	textbox: autoDraw = True
1.0259 	EXP 	Submit_text: autoDraw = True
1.0430 	EXP 	polygon: autoDraw = False
2.6792 	DATA 	Mouse: Left button down, pos=(467,124)
2.6803 	EXP 	New trial (rep=0, index=1): {'problem': 'A recipe calls for 3 cups of water for every 4 cups of flour. If you use 8 cups of flour, how many cups of water do you need'}
2.6933 	EXP 	polygon: autoDraw = False
2.6933 	EXP 	text: autoDraw = False
2.6933 	EXP 	textbox: autoDraw = False
2.6933 	EXP 	Submit_text: autoDraw = False
2.6933 	EXP 	text: height = 0.05
2.6933 	EXP 	text: height = 0.05
2.6933 	EXP 	text: height = 0.05
2.6933 	EXP 	text: text = 'A recipe calls for 3 cups of water for every 4 cups of flour. If you use 8 cups of flour, how many cups of water do you need'
2.6933 	EXP 	polygon: autoDraw = True
2.8991 	DATA 	Mouse:  Left button up, pos=(467,124)
3.6937 	EXP 	polygon: autoDraw = False
3.6937 	EXP 	text: autoDraw = True
3.6937 	EXP 	textbox: autoDraw = True
3.6937 	EXP 	Submit_text: autoDraw = True
9.7450 	DATA 	Keypress: 4
9.7475 	DEBUG 	TextBox2 loaded 1 chars with 0 blanks and 1 valid
9.7477 	DEBUG 	Uploading Texture Font fontname to graphics card
9.7485 	DEBUG 	Upload of Texture Font fontname complete
11.7615 	DATA 	Mouse: Left button down, pos=(467,124)
11.7624 	EXP 	New trial (rep=0, index=2): {'problem': 'A pizza is cut into 10 slices. If you eat 2/5 of the pizza, how many slices did you eat'}
11.7761 	EXP 	polygon: autoDraw = False
11.7761 	EXP 	text: autoDraw = False
11.7761 	EXP 	textbox: autoDraw = False
11.7761 	EXP 	Submit_text: autoDraw = False
11.7761 	EXP 	text: height = 0.05
11.7761 	EXP 	text: height = 0.05
11.7761 	EXP 	text: height = 0.05
11.7761 	EXP 	text: text = 'A pizza is cut into 10 slices. If you eat 2/5 of the pizza, how many slices did you eat'
11.7761 	EXP 	polygon: autoDraw = True
11.9993 	DATA 	Mouse:  Left button up, pos=(467,124)
12.7765 	EXP 	polygon: autoDraw = False
12.7765 	EXP 	text: autoDraw = True
12.7765 	EXP 	textbox: autoDraw = True
12.7765 	EXP 	Submit_text: autoDraw = True
23.0123 	DATA 	Keypress: 4
24.4777 	DATA 	Mouse: Left button down, pos=(467,124)
24.4787 	EXP 	New trial (rep=0, index=3): {'problem': 'A car travels 420 miles in 7 hours. What is the average speed of the car'}
24.4924 	EXP 	polygon: autoDraw = False
24.4924 	EXP 	text: autoDraw = False
24.4924 	EXP 	textbox: autoDraw = False
24.4924 	EXP 	Submit_text: autoDraw = False
24.4924 	EXP 	text: height = 0.05
24.4924 	EXP 	text: height = 0.05
24.4924 	EXP 	text: height = 0.05
24.4924 	EXP 	text: text = 'A car travels 420 miles in 7 hours. What is the average speed of the car'
24.4924 	EXP 	polygon: autoDraw = True
24.7156 	DATA 	Mouse:  Left button up, pos=(467,124)
25.4920 	EXP 	polygon: autoDraw = False
25.4920 	EXP 	text: autoDraw = True
25.4920 	EXP 	textbox: autoDraw = True
25.4920 	EXP 	Submit_text: autoDraw = True
40.2446 	DATA 	Keypress: 8
40.2471 	DEBUG 	TextBox2 loaded 1 chars with 0 blanks and 1 valid
40.2474 	DEBUG 	Uploading Texture Font fontname to graphics card
40.2495 	DEBUG 	Upload of Texture Font fontname complete
41.6931 	DATA 	Keypress: 0
41.6955 	DEBUG 	TextBox2 loaded 1 chars with 0 blanks and 1 valid
41.6957 	DEBUG 	Uploading Texture Font fontname to graphics card
41.6961 	DEBUG 	Upload of Texture Font fontname complete
42.7784 	DATA 	Mouse: Left button down, pos=(467,124)
42.7795 	EXP 	New trial (rep=0, index=4): {'problem': 'A class has 25 students. If 60% of them are girls, how many girls are in the class'}
42.7914 	EXP 	polygon: autoDraw = False
42.7914 	EXP 	text: autoDraw = False
42.7914 	EXP 	textbox: autoDraw = False
42.7914 	EXP 	Submit_text: autoDraw = False
42.7914 	EXP 	text: height = 0.05
42.7914 	EXP 	text: height = 0.05
42.7914 	EXP 	text: height = 0.05
42.7914 	EXP 	text: text = 'A class has 25 students. If 60% of them are girls, how many girls are in the class'
42.7914 	EXP 	polygon: autoDraw = True
43.0146 	DATA 	Mouse:  Left button up, pos=(467,124)
43.7914 	EXP 	polygon: autoDraw = False
43.7914 	EXP 	text: autoDraw = True
43.7914 	EXP 	textbox: autoDraw = True
43.7914 	EXP 	Submit_text: autoDraw = True
50.2436 	DATA 	Keypress: 1
50.2462 	DEBUG 	TextBox2 loaded 1 chars with 0 blanks and 1 valid
50.2465 	DEBUG 	Uploading Texture Font fontname to graphics card
50.2472 	DEBUG 	Upload of Texture Font fontname complete
50.6648 	DATA 	Keypress: 4
51.3764 	DATA 	Keypress: backspace
51.5465 	DATA 	Keypress: 5
51.5489 	DEBUG 	TextBox2 loaded 1 chars with 0 blanks and 1 valid
51.5491 	DEBUG 	Uploading Texture Font fontname to graphics card
51.5495 	DEBUG 	Upload of Texture Font fontname complete
53.4602 	DATA 	Mouse: Left button down, pos=(467,124)
53.4611 	EXP 	New trial (rep=0, index=5): {'problem': 'A store is having a 40% off sale. If a pair of jeans originally costs $40, how much will they cost on sale'}
53.4743 	EXP 	polygon: autoDraw = False
53.4743 	EXP 	text: autoDraw = False
53.4743 	EXP 	textbox: autoDraw = False
53.4743 	EXP 	Submit_text: autoDraw = False
53.4743 	EXP 	text: height = 0.05
53.4743 	EXP 	text: height = 0.05
53.4743 	EXP 	text: height = 0.05
53.4743 	EXP 	text: text = 'A store is having a 40% off sale. If a pair of jeans originally costs $40, how much will they cost on sale'
53.4743 	EXP 	polygon: autoDraw = True
53.6829 	DATA 	Mouse:  Left button up, pos=(467,124)
54.4744 	EXP 	polygon: autoDraw = False
54.4744 	EXP 	text: autoDraw = True
54.4744 	EXP 	textbox: autoDraw = True
54.4744 	EXP 	Submit_text: autoDraw = True
58.9254 	DATA 	Keypress: 2
58.9277 	DEBUG 	TextBox2 loaded 1 chars with 0 blanks and 1 valid
58.9279 	DEBUG 	Uploading Texture Font fontname to graphics card
58.9286 	DEBUG 	Upload of Texture Font fontname complete
59.4594 	DATA 	Keypress: 4
69.9091 	DATA 	Mouse: Left button down, pos=(467,124)
69.9239 	EXP 	polygon: autoDraw = False
69.9239 	EXP 	text: autoDraw = False
69.9239 	EXP 	textbox: autoDraw = False
69.9239 	EXP 	Submit_text: autoDraw = False
69.9270 	EXP 	Shape of you: status = STOPPED
69.9324 	INFO 	saved data to 'C:\\Users\\Kaavya\\Desktop\\PSY310\\PSYCHOPY\\Final Project\\data/Participant_003_SOY_Shape of you_2024-12-04_13h08.26.750.csv'
69.9338 	INFO 	saved data to C:\Users\Kaavya\Desktop\PSY310\PSYCHOPY\Final Project\data/Participant_003_SOY_Shape of you_2024-12-04_13h08.26.750.psydat
69.9654 	EXP 	window1: mouseVisible = True
70.4550 	DEBUG 	Saving data for Shape of you ExperimentHandler
